# JRE version: OpenJDK Runtime Environment (8.0_76-b03) (build 1.8.0_76-release-b03)
# Java VM: OpenJDK 64-Bit Server VM (25.76-b03 mixed mode windows-amd64 compressed oops)
Heap:
 PSYoungGen      total 290304K, used 111142K [0x00000000e0000000, 0x00000000f3f80000, 0x0000000100000000)
  eden space 262656K, 35% used [0x00000000e0000000,0x00000000e5ad5c78,0x00000000f0080000)
  from space 27648K, 65% used [0x00000000f1c00000,0x00000000f2db3cb8,0x00000000f3700000)
  to   space 28160K, 0% used [0x00000000f0080000,0x00000000f0080000,0x00000000f1c00000)
 ParOldGen       total 84480K, used 64476K [0x00000000a0000000, 0x00000000a5280000, 0x00000000e0000000)
  object space 84480K, 76% used [0x00000000a0000000,0x00000000a3ef71f8,0x00000000a5280000)
 Metaspace       used 78740K, capacity 83128K, committed 83504K, reserved 1122304K
  class space    used 10078K, capacity 10948K, committed 11056K, reserved 1048576K
GC Heap History (10 events):
Event: 406.918 GC heap before
{Heap before GC invocations=41 (full 5):
 PSYoungGen      total 249856K, used 227840K [0x00000000e0000000, 0x00000000f1580000, 0x0000000100000000)
  eden space 227840K, 100% used [0x00000000e0000000,0x00000000ede80000,0x00000000ede80000)
  from space 22016K, 0% used [0x00000000ede80000,0x00000000ede80000,0x00000000ef400000)
  to   space 28160K, 0% used [0x00000000efa00000,0x00000000efa00000,0x00000000f1580000)
 ParOldGen       total 84480K, used 64436K [0x00000000a0000000, 0x00000000a5280000, 0x00000000e0000000)
  object space 84480K, 76% used [0x00000000a0000000,0x00000000a3eed1f8,0x00000000a5280000)
 Metaspace       used 72709K, capacity 75998K, committed 76336K, reserved 1116160K
  class space    used 9309K, capacity 9949K, committed 10032K, reserved 1048576K
Event: 406.951 GC heap after
Heap after GC invocations=41 (full 5):
 PSYoungGen      total 257536K, used 12448K [0x00000000e0000000, 0x00000000f2680000, 0x0000000100000000)
  eden space 229376K, 0% used [0x00000000e0000000,0x00000000e0000000,0x00000000ee000000)
  from space 28160K, 44% used [0x00000000efa00000,0x00000000f0628000,0x00000000f1580000)
  to   space 26624K, 0% used [0x00000000ee000000,0x00000000ee000000,0x00000000efa00000)
 ParOldGen       total 84480K, used 64444K [0x00000000a0000000, 0x00000000a5280000, 0x00000000e0000000)
  object space 84480K, 76% used [0x00000000a0000000,0x00000000a3eef1f8,0x00000000a5280000)
 Metaspace       used 72709K, capacity 75998K, committed 76336K, reserved 1116160K
  class space    used 9309K, capacity 9949K, committed 10032K, reserved 1048576K
}
Event: 483.335 GC heap before
{Heap before GC invocations=42 (full 5):
 PSYoungGen      total 257536K, used 241824K [0x00000000e0000000, 0x00000000f2680000, 0x0000000100000000)
  eden space 229376K, 100% used [0x00000000e0000000,0x00000000ee000000,0x00000000ee000000)
  from space 28160K, 44% used [0x00000000efa00000,0x00000000f0628000,0x00000000f1580000)
  to   space 26624K, 0% used [0x00000000ee000000,0x00000000ee000000,0x00000000efa00000)
 ParOldGen       total 84480K, used 64444K [0x00000000a0000000, 0x00000000a5280000, 0x00000000e0000000)
  object space 84480K, 76% used [0x00000000a0000000,0x00000000a3eef1f8,0x00000000a5280000)
 Metaspace       used 76488K, capacity 80522K, committed 80816K, reserved 1120256K
  class space    used 9791K, capacity 10627K, committed 10672K, reserved 1048576K
Event: 483.358 GC heap after
Heap after GC invocations=42 (full 5):
 PSYoungGen      total 256000K, used 15774K [0x00000000e0000000, 0x00000000f2500000, 0x0000000100000000)
  eden space 229376K, 0% used [0x00000000e0000000,0x00000000e0000000,0x00000000ee000000)
  from space 26624K, 59% used [0x00000000ee000000,0x00000000eef67a68,0x00000000efa00000)
  to   space 26624K, 0% used [0x00000000f0b00000,0x00000000f0b00000,0x00000000f2500000)
 ParOldGen       total 84480K, used 64452K [0x00000000a0000000, 0x00000000a5280000, 0x00000000e0000000)
  object space 84480K, 76% used [0x00000000a0000000,0x00000000a3ef11f8,0x00000000a5280000)
 Metaspace       used 76488K, capacity 80522K, committed 80816K, reserved 1120256K
  class space    used 9791K, capacity 10627K, committed 10672K, reserved 1048576K
}
Event: 502.385 GC heap before
{Heap before GC invocations=43 (full 5):
 PSYoungGen      total 256000K, used 245150K [0x00000000e0000000, 0x00000000f2500000, 0x0000000100000000)
  eden space 229376K, 100% used [0x00000000e0000000,0x00000000ee000000,0x00000000ee000000)
  from space 26624K, 59% used [0x00000000ee000000,0x00000000eef67a68,0x00000000efa00000)
  to   space 26624K, 0% used [0x00000000f0b00000,0x00000000f0b00000,0x00000000f2500000)
 ParOldGen       total 84480K, used 64452K [0x00000000a0000000, 0x00000000a5280000, 0x00000000e0000000)
  object space 84480K, 76% used [0x00000000a0000000,0x00000000a3ef11f8,0x00000000a5280000)
 Metaspace       used 76717K, capacity 80922K, committed 81072K, reserved 1120256K
  class space    used 9809K, capacity 10653K, committed 10672K, reserved 1048576K
Event: 502.416 GC heap after
Heap after GC invocations=43 (full 5):
 PSYoungGen      total 270336K, used 17015K [0x00000000e0000000, 0x00000000f2400000, 0x0000000100000000)
  eden space 244736K, 0% used [0x00000000e0000000,0x00000000e0000000,0x00000000eef00000)
  from space 25600K, 66% used [0x00000000f0b00000,0x00000000f1b9dc78,0x00000000f2400000)
  to   space 27136K, 0% used [0x00000000eef00000,0x00000000eef00000,0x00000000f0980000)
 ParOldGen       total 84480K, used 64460K [0x00000000a0000000, 0x00000000a5280000, 0x00000000e0000000)
  object space 84480K, 76% used [0x00000000a0000000,0x00000000a3ef31f8,0x00000000a5280000)
 Metaspace       used 76717K, capacity 80922K, committed 81072K, reserved 1120256K
  class space    used 9809K, capacity 10653K, committed 10672K, reserved 1048576K
}
Event: 509.872 GC heap before
{Heap before GC invocations=44 (full 5):
 PSYoungGen      total 270336K, used 261751K [0x00000000e0000000, 0x00000000f2400000, 0x0000000100000000)
  eden space 244736K, 100% used [0x00000000e0000000,0x00000000eef00000,0x00000000eef00000)
  from space 25600K, 66% used [0x00000000f0b00000,0x00000000f1b9dc78,0x00000000f2400000)
  to   space 27136K, 0% used [0x00000000eef00000,0x00000000eef00000,0x00000000f0980000)
 ParOldGen       total 84480K, used 64460K [0x00000000a0000000, 0x00000000a5280000, 0x00000000e0000000)
  object space 84480K, 76% used [0x00000000a0000000,0x00000000a3ef31f8,0x00000000a5280000)
 Metaspace       used 76928K, capacity 81150K, committed 81328K, reserved 1120256K
  class space    used 9821K, capacity 10669K, committed 10672K, reserved 1048576K
Event: 509.910 GC heap after
Heap after GC invocations=44 (full 5):
 PSYoungGen      total 271872K, used 18455K [0x00000000e0000000, 0x00000000f3700000, 0x0000000100000000)
  eden space 244736K, 0% used [0x00000000e0000000,0x00000000e0000000,0x00000000eef00000)
  from space 27136K, 68% used [0x00000000eef00000,0x00000000f0105c98,0x00000000f0980000)
  to   space 27648K, 0% used [0x00000000f1c00000,0x00000000f1c00000,0x00000000f3700000)
 ParOldGen       total 84480K, used 64468K [0x00000000a0000000, 0x00000000a5280000, 0x00000000e0000000)
  object space 84480K, 76% used [0x00000000a0000000,0x00000000a3ef51f8,0x00000000a5280000)
 Metaspace       used 76928K, capacity 81150K, committed 81328K, reserved 1120256K
  class space    used 9821K, capacity 10669K, committed 10672K, reserved 1048576K
}
Event: 511.375 GC heap before
{Heap before GC invocations=45 (full 5):
 PSYoungGen      total 271872K, used 262284K [0x00000000e0000000, 0x00000000f3700000, 0x0000000100000000)
  eden space 244736K, 99% used [0x00000000e0000000,0x00000000eee1d530,0x00000000eef00000)
  from space 27136K, 68% used [0x00000000eef00000,0x00000000f0105c98,0x00000000f0980000)
  to   space 27648K, 0% used [0x00000000f1c00000,0x00000000f1c00000,0x00000000f3700000)
 ParOldGen       total 84480K, used 64468K [0x00000000a0000000, 0x00000000a5280000, 0x00000000e0000000)
  object space 84480K, 76% used [0x00000000a0000000,0x00000000a3ef51f8,0x00000000a5280000)
 Metaspace       used 77561K, capacity 81838K, committed 81968K, reserved 1120256K
  class space    used 9920K, capacity 10761K, committed 10800K, reserved 1048576K
Event: 511.398 GC heap after
Heap after GC invocations=45 (full 5):
 PSYoungGen      total 290304K, used 18127K [0x00000000e0000000, 0x00000000f3f80000, 0x0000000100000000)
  eden space 262656K, 0% used [0x00000000e0000000,0x00000000e0000000,0x00000000f0080000)
  from space 27648K, 65% used [0x00000000f1c00000,0x00000000f2db3cb8,0x00000000f3700000)
  to   space 28160K, 0% used [0x00000000f0080000,0x00000000f0080000,0x00000000f1c00000)
 ParOldGen       total 84480K, used 64476K [0x00000000a0000000, 0x00000000a5280000, 0x00000000e0000000)
  object space 84480K, 76% used [0x00000000a0000000,0x00000000a3ef71f8,0x00000000a5280000)
 Metaspace       used 77561K, capacity 81838K, committed 81968K, reserved 1120256K
  class space    used 9920K, capacity 10761K, committed 10800K, reserved 1048576K
}

